# JRE version: OpenJDK Runtime Environment Temurin-17.0.4.1+1 (17.0.4.1+1) (build 17.0.4.1+1)
# Java VM: OpenJDK 64-Bit Server VM Temurin-17.0.4.1+1 (17.0.4.1+1, mixed mode, emulated-client, tiered, compressed oops, compressed class ptrs, g1 gc, windows-amd64)
GC Precious Log:
 CPUs: 8 total, 8 available
 Memory: 7959M
 Large Page Support: Disabled
 NUMA Support: Disabled
 Compressed Oops: Enabled (32-bit)
 Heap Region Size: 1M
 Heap Min Capacity: 8M
 Heap Initial Capacity: 126M
 Heap Max Capacity: 1990M
 Pre-touch: Disabled
 Parallel Workers: 8
 Concurrent Workers: 2
 Concurrent Refinement Workers: 8
 Periodic GC: Disabled
Heap:
 garbage-first heap   total 239616K, used 80195K [0x0000000083a00000, 0x0000000100000000)
  region size 1024K, 10 young (10240K), 10 survivors (10240K)
 Metaspace       used 36873K, committed 37184K, reserved 1081344K
  class space    used 4773K, committed 4928K, reserved 1048576K
GC Heap History (20 events):
Event: 4.118 GC heap after
{Heap after GC invocations=12 (full 0):
 garbage-first heap   total 109568K, used 37487K [0x0000000083a00000, 0x0000000100000000)
  region size 1024K, 3 young (3072K), 3 survivors (3072K)
 Metaspace       used 34130K, committed 34496K, reserved 1081344K
  class space    used 4350K, committed 4544K, reserved 1048576K
}
Event: 4.347 GC heap before
{Heap before GC invocations=12 (full 0):
 garbage-first heap   total 109568K, used 76399K [0x0000000083a00000, 0x0000000100000000)
  region size 1024K, 41 young (41984K), 3 survivors (3072K)
 Metaspace       used 34854K, committed 35200K, reserved 1081344K
  class space    used 4461K, committed 4608K, reserved 1048576K
}
Event: 4.357 GC heap after
{Heap after GC invocations=13 (full 0):
 garbage-first heap   total 109568K, used 46056K [0x0000000083a00000, 0x0000000100000000)
  region size 1024K, 6 young (6144K), 6 survivors (6144K)
 Metaspace       used 34854K, committed 35200K, reserved 1081344K
  class space    used 4461K, committed 4608K, reserved 1048576K
}
Event: 4.545 GC heap before
{Heap before GC invocations=13 (full 0):
 garbage-first heap   total 109568K, used 61416K [0x0000000083a00000, 0x0000000100000000)
  region size 1024K, 21 young (21504K), 6 survivors (6144K)
 Metaspace       used 35805K, committed 36096K, reserved 1081344K
  class space    used 4646K, committed 4800K, reserved 1048576K
}
Event: 4.553 GC heap after
{Heap after GC invocations=14 (full 0):
 garbage-first heap   total 109568K, used 51563K [0x0000000083a00000, 0x0000000100000000)
  region size 1024K, 4 young (4096K), 4 survivors (4096K)
 Metaspace       used 35805K, committed 36096K, reserved 1081344K
  class space    used 4646K, committed 4800K, reserved 1048576K
}
Event: 4.715 GC heap before
{Heap before GC invocations=15 (full 0):
 garbage-first heap   total 109568K, used 80235K [0x0000000083a00000, 0x0000000100000000)
  region size 1024K, 33 young (33792K), 4 survivors (4096K)
 Metaspace       used 36487K, committed 36864K, reserved 1081344K
  class space    used 4744K, committed 4928K, reserved 1048576K
}
Event: 4.746 GC heap after
{Heap after GC invocations=16 (full 0):
 garbage-first heap   total 109568K, used 60849K [0x0000000083a00000, 0x0000000100000000)
  region size 1024K, 5 young (5120K), 5 survivors (5120K)
 Metaspace       used 36487K, committed 36864K, reserved 1081344K
  class space    used 4744K, committed 4928K, reserved 1048576K
}
Event: 4.768 GC heap before
{Heap before GC invocations=16 (full 0):
 garbage-first heap   total 109568K, used 79281K [0x0000000083a00000, 0x0000000100000000)
  region size 1024K, 24 young (24576K), 5 survivors (5120K)
 Metaspace       used 36496K, committed 36864K, reserved 1081344K
  class space    used 4746K, committed 4928K, reserved 1048576K
}
Event: 4.772 GC heap after
{Heap after GC invocations=17 (full 0):
 garbage-first heap   total 109568K, used 62583K [0x0000000083a00000, 0x0000000100000000)
  region size 1024K, 2 young (2048K), 2 survivors (2048K)
 Metaspace       used 36496K, committed 36864K, reserved 1081344K
  class space    used 4746K, committed 4928K, reserved 1048576K
}
Event: 4.791 GC heap before
{Heap before GC invocations=17 (full 0):
 garbage-first heap   total 109568K, used 82039K [0x0000000083a00000, 0x0000000100000000)
  region size 1024K, 22 young (22528K), 2 survivors (2048K)
 Metaspace       used 36508K, committed 36864K, reserved 1081344K
  class space    used 4747K, committed 4928K, reserved 1048576K
}
Event: 4.794 GC heap after
{Heap after GC invocations=18 (full 0):
 garbage-first heap   total 239616K, used 63473K [0x0000000083a00000, 0x0000000100000000)
  region size 1024K, 2 young (2048K), 2 survivors (2048K)
 Metaspace       used 36508K, committed 36864K, reserved 1081344K
  class space    used 4747K, committed 4928K, reserved 1048576K
}
Event: 4.890 GC heap before
{Heap before GC invocations=18 (full 0):
 garbage-first heap   total 239616K, used 148465K [0x0000000083a00000, 0x0000000100000000)
  region size 1024K, 86 young (88064K), 2 survivors (2048K)
 Metaspace       used 36558K, committed 36928K, reserved 1081344K
  class space    used 4751K, committed 4928K, reserved 1048576K
}
Event: 4.895 GC heap after
{Heap after GC invocations=19 (full 0):
 garbage-first heap   total 239616K, used 66827K [0x0000000083a00000, 0x0000000100000000)
  region size 1024K, 6 young (6144K), 6 survivors (6144K)
 Metaspace       used 36558K, committed 36928K, reserved 1081344K
  class space    used 4751K, committed 4928K, reserved 1048576K
}
Event: 4.965 GC heap before
{Heap before GC invocations=20 (full 0):
 garbage-first heap   total 239616K, used 181515K [0x0000000083a00000, 0x0000000100000000)
  region size 1024K, 119 young (121856K), 6 survivors (6144K)
 Metaspace       used 36786K, committed 37120K, reserved 1081344K
  class space    used 4767K, committed 4928K, reserved 1048576K
}
Event: 4.977 GC heap after
{Heap after GC invocations=21 (full 0):
 garbage-first heap   total 239616K, used 71290K [0x0000000083a00000, 0x0000000100000000)
  region size 1024K, 10 young (10240K), 10 survivors (10240K)
 Metaspace       used 36786K, committed 37120K, reserved 1081344K
  class space    used 4767K, committed 4928K, reserved 1048576K
}
Event: 4.979 GC heap before
{Heap before GC invocations=21 (full 0):
 garbage-first heap   total 239616K, used 72314K [0x0000000083a00000, 0x0000000100000000)
  region size 1024K, 12 young (12288K), 10 survivors (10240K)
 Metaspace       used 36793K, committed 37120K, reserved 1081344K
  class space    used 4769K, committed 4928K, reserved 1048576K
}
Event: 4.986 GC heap after
{Heap after GC invocations=22 (full 0):
 garbage-first heap   total 239616K, used 72345K [0x0000000083a00000, 0x0000000100000000)
  region size 1024K, 2 young (2048K), 2 survivors (2048K)
 Metaspace       used 36793K, committed 37120K, reserved 1081344K
  class space    used 4769K, committed 4928K, reserved 1048576K
}
Event: 5.045 GC heap before
{Heap before GC invocations=22 (full 0):
 garbage-first heap   total 239616K, used 186009K [0x0000000083a00000, 0x0000000100000000)
  region size 1024K, 114 young (116736K), 2 survivors (2048K)
 Metaspace       used 36859K, committed 37184K, reserved 1081344K
  class space    used 4770K, committed 4928K, reserved 1048576K
}
Event: 5.049 GC heap after
{Heap after GC invocations=23 (full 0):
 garbage-first heap   total 239616K, used 75996K [0x0000000083a00000, 0x0000000100000000)
  region size 1024K, 6 young (6144K), 6 survivors (6144K)
 Metaspace       used 36859K, committed 37184K, reserved 1081344K
  class space    used 4770K, committed 4928K, reserved 1048576K
}
Event: 5.103 GC heap before
{Heap before GC invocations=23 (full 0):
 garbage-first heap   total 239616K, used 189660K [0x0000000083a00000, 0x0000000100000000)
  region size 1024K, 118 young (120832K), 6 survivors (6144K)
 Metaspace       used 36873K, committed 37184K, reserved 1081344K
  class space    used 4773K, committed 4928K, reserved 1048576K
}

