# JRE version: OpenJDK Runtime Environment Temurin-17.0.4.1+1 (17.0.4.1+1) (build 17.0.4.1+1)
# Java VM: OpenJDK 64-Bit Server VM Temurin-17.0.4.1+1 (17.0.4.1+1, mixed mode, emulated-client, tiered, compressed oops, compressed class ptrs, g1 gc, windows-amd64)
GC Precious Log:
 CPUs: 8 total, 8 available
 Memory: 7959M
 Large Page Support: Disabled
 NUMA Support: Disabled
 Compressed Oops: Enabled (32-bit)
 Heap Region Size: 1M
 Heap Min Capacity: 8M
 Heap Initial Capacity: 126M
 Heap Max Capacity: 1990M
 Pre-touch: Disabled
 Parallel Workers: 8
 Concurrent Workers: 2
 Concurrent Refinement Workers: 8
 Periodic GC: Disabled
Heap:
 garbage-first heap   total 136192K, used 66013K [0x0000000083a00000, 0x0000000100000000)
  region size 1024K, 5 young (5120K), 5 survivors (5120K)
 Metaspace       used 36294K, committed 36672K, reserved 1081344K
  class space    used 4734K, committed 4928K, reserved 1048576K
GC Heap History (20 events):
Event: 3.414 GC heap after
{Heap after GC invocations=7 (full 0):
 garbage-first heap   total 48128K, used 14466K [0x0000000083a00000, 0x0000000100000000)
  region size 1024K, 2 young (2048K), 2 survivors (2048K)
 Metaspace       used 28103K, committed 28352K, reserved 1081344K
  class space    used 3532K, committed 3648K, reserved 1048576K
}
Event: 3.986 GC heap before
{Heap before GC invocations=7 (full 0):
 garbage-first heap   total 48128K, used 32898K [0x0000000083a00000, 0x0000000100000000)
  region size 1024K, 20 young (20480K), 2 survivors (2048K)
 Metaspace       used 32147K, committed 32512K, reserved 1081344K
  class space    used 4068K, committed 4224K, reserved 1048576K
}
Event: 3.997 GC heap after
{Heap after GC invocations=8 (full 0):
 garbage-first heap   total 83968K, used 16119K [0x0000000083a00000, 0x0000000100000000)
  region size 1024K, 2 young (2048K), 2 survivors (2048K)
 Metaspace       used 32147K, committed 32512K, reserved 1081344K
  class space    used 4068K, committed 4224K, reserved 1048576K
}
Event: 4.246 GC heap before
{Heap before GC invocations=8 (full 0):
 garbage-first heap   total 83968K, used 58103K [0x0000000083a00000, 0x0000000100000000)
  region size 1024K, 44 young (45056K), 2 survivors (2048K)
 Metaspace       used 33232K, committed 33536K, reserved 1081344K
  class space    used 4219K, committed 4352K, reserved 1048576K
}
Event: 4.260 GC heap after
{Heap after GC invocations=9 (full 0):
 garbage-first heap   total 83968K, used 24415K [0x0000000083a00000, 0x0000000100000000)
  region size 1024K, 6 young (6144K), 6 survivors (6144K)
 Metaspace       used 33232K, committed 33536K, reserved 1081344K
  class space    used 4219K, committed 4352K, reserved 1048576K
}
Event: 4.404 GC heap before
{Heap before GC invocations=9 (full 0):
 garbage-first heap   total 83968K, used 55135K [0x0000000083a00000, 0x0000000100000000)
  region size 1024K, 36 young (36864K), 6 survivors (6144K)
 Metaspace       used 33838K, committed 34176K, reserved 1081344K
  class space    used 4313K, committed 4480K, reserved 1048576K
}
Event: 4.415 GC heap after
{Heap after GC invocations=10 (full 0):
 garbage-first heap   total 83968K, used 29508K [0x0000000083a00000, 0x0000000100000000)
  region size 1024K, 5 young (5120K), 5 survivors (5120K)
 Metaspace       used 33838K, committed 34176K, reserved 1081344K
  class space    used 4313K, committed 4480K, reserved 1048576K
}
Event: 4.490 GC heap before
{Heap before GC invocations=10 (full 0):
 garbage-first heap   total 83968K, used 58180K [0x0000000083a00000, 0x0000000100000000)
  region size 1024K, 33 young (33792K), 5 survivors (5120K)
 Metaspace       used 34139K, committed 34496K, reserved 1081344K
  class space    used 4350K, committed 4544K, reserved 1048576K
}
Event: 4.498 GC heap after
{Heap after GC invocations=11 (full 0):
 garbage-first heap   total 83968K, used 35840K [0x0000000083a00000, 0x0000000100000000)
  region size 1024K, 5 young (5120K), 5 survivors (5120K)
 Metaspace       used 34139K, committed 34496K, reserved 1081344K
  class space    used 4350K, committed 4544K, reserved 1048576K
}
Event: 4.557 GC heap before
{Heap before GC invocations=11 (full 0):
 garbage-first heap   total 83968K, used 60416K [0x0000000083a00000, 0x0000000100000000)
  region size 1024K, 29 young (29696K), 5 survivors (5120K)
 Metaspace       used 34342K, committed 34624K, reserved 1081344K
  class space    used 4384K, committed 4544K, reserved 1048576K
}
Event: 4.565 GC heap after
{Heap after GC invocations=12 (full 0):
 garbage-first heap   total 136192K, used 41984K [0x0000000083a00000, 0x0000000100000000)
  region size 1024K, 4 young (4096K), 4 survivors (4096K)
 Metaspace       used 34342K, committed 34624K, reserved 1081344K
  class space    used 4384K, committed 4544K, reserved 1048576K
}
Event: 4.955 GC heap before
{Heap before GC invocations=12 (full 0):
 garbage-first heap   total 136192K, used 77824K [0x0000000083a00000, 0x0000000100000000)
  region size 1024K, 40 young (40960K), 4 survivors (4096K)
 Metaspace       used 35805K, committed 36096K, reserved 1081344K
  class space    used 4646K, committed 4800K, reserved 1048576K
}
Event: 4.967 GC heap after
{Heap after GC invocations=13 (full 0):
 garbage-first heap   total 136192K, used 53248K [0x0000000083a00000, 0x0000000100000000)
  region size 1024K, 7 young (7168K), 7 survivors (7168K)
 Metaspace       used 35805K, committed 36096K, reserved 1081344K
  class space    used 4646K, committed 4800K, reserved 1048576K
}
Event: 5.083 GC heap before
{Heap before GC invocations=14 (full 0):
 garbage-first heap   total 136192K, used 93184K [0x0000000083a00000, 0x0000000100000000)
  region size 1024K, 47 young (48128K), 7 survivors (7168K)
 Metaspace       used 36246K, committed 36608K, reserved 1081344K
  class space    used 4729K, committed 4928K, reserved 1048576K
}
Event: 5.111 GC heap after
{Heap after GC invocations=15 (full 0):
 garbage-first heap   total 136192K, used 60577K [0x0000000083a00000, 0x0000000100000000)
  region size 1024K, 6 young (6144K), 6 survivors (6144K)
 Metaspace       used 36246K, committed 36608K, reserved 1081344K
  class space    used 4729K, committed 4928K, reserved 1048576K
}
Event: 5.141 GC heap before
{Heap before GC invocations=15 (full 0):
 garbage-first heap   total 136192K, used 95393K [0x0000000083a00000, 0x0000000100000000)
  region size 1024K, 41 young (41984K), 6 survivors (6144K)
 Metaspace       used 36275K, committed 36608K, reserved 1081344K
  class space    used 4730K, committed 4928K, reserved 1048576K
}
Event: 5.149 GC heap after
{Heap after GC invocations=16 (full 0):
 garbage-first heap   total 136192K, used 63464K [0x0000000083a00000, 0x0000000100000000)
  region size 1024K, 3 young (3072K), 3 survivors (3072K)
 Metaspace       used 36275K, committed 36608K, reserved 1081344K
  class space    used 4730K, committed 4928K, reserved 1048576K
}
Event: 5.194 GC heap before
{Heap before GC invocations=16 (full 0):
 garbage-first heap   total 136192K, used 98280K [0x0000000083a00000, 0x0000000100000000)
  region size 1024K, 38 young (38912K), 3 survivors (3072K)
 Metaspace       used 36287K, committed 36672K, reserved 1081344K
  class space    used 4732K, committed 4928K, reserved 1048576K
}
Event: 5.197 GC heap after
{Heap after GC invocations=17 (full 0):
 garbage-first heap   total 136192K, used 64333K [0x0000000083a00000, 0x0000000100000000)
  region size 1024K, 4 young (4096K), 4 survivors (4096K)
 Metaspace       used 36287K, committed 36672K, reserved 1081344K
  class space    used 4732K, committed 4928K, reserved 1048576K
}
Event: 5.257 GC heap before
{Heap before GC invocations=17 (full 0):
 garbage-first heap   total 136192K, used 101197K [0x0000000083a00000, 0x0000000100000000)
  region size 1024K, 41 young (41984K), 4 survivors (4096K)
 Metaspace       used 36294K, committed 36672K, reserved 1081344K
  class space    used 4734K, committed 4928K, reserved 1048576K
}

