# JRE version: OpenJDK Runtime Environment Temurin-17.0.4.1+1 (17.0.4.1+1) (build 17.0.4.1+1)
# Java VM: OpenJDK 64-Bit Server VM Temurin-17.0.4.1+1 (17.0.4.1+1, mixed mode, emulated-client, tiered, compressed oops, compressed class ptrs, g1 gc, windows-amd64)
GC Precious Log:
 CPUs: 8 total, 8 available
 Memory: 7959M
 Large Page Support: Disabled
 NUMA Support: Disabled
 Compressed Oops: Enabled (32-bit)
 Heap Region Size: 1M
 Heap Min Capacity: 8M
 Heap Initial Capacity: 126M
 Heap Max Capacity: 1990M
 Pre-touch: Disabled
 Parallel Workers: 8
 Concurrent Workers: 2
 Concurrent Refinement Workers: 8
 Periodic GC: Disabled
Heap:
 garbage-first heap   total 129024K, used 66269K [0x0000000083a00000, 0x0000000100000000)
  region size 1024K, 2 young (2048K), 2 survivors (2048K)
 Metaspace       used 36269K, committed 36672K, reserved 1081344K
  class space    used 4730K, committed 4928K, reserved 1048576K
GC Heap History (20 events):
Event: 4.223 GC heap after
{Heap after GC invocations=7 (full 0):
 garbage-first heap   total 51200K, used 16923K [0x0000000083a00000, 0x0000000100000000)
  region size 1024K, 2 young (2048K), 2 survivors (2048K)
 Metaspace       used 32432K, committed 32704K, reserved 1081344K
  class space    used 4111K, committed 4224K, reserved 1048576K
}
Event: 4.342 GC heap before
{Heap before GC invocations=7 (full 0):
 garbage-first heap   total 51200K, used 34331K [0x0000000083a00000, 0x0000000100000000)
  region size 1024K, 20 young (20480K), 2 survivors (2048K)
 Metaspace       used 33122K, committed 33472K, reserved 1081344K
  class space    used 4200K, committed 4352K, reserved 1048576K
}
Event: 4.353 GC heap after
{Heap after GC invocations=8 (full 0):
 garbage-first heap   total 61440K, used 21063K [0x0000000083a00000, 0x0000000100000000)
  region size 1024K, 3 young (3072K), 3 survivors (3072K)
 Metaspace       used 33122K, committed 33472K, reserved 1081344K
  class space    used 4200K, committed 4352K, reserved 1048576K
}
Event: 4.448 GC heap before
{Heap before GC invocations=8 (full 0):
 garbage-first heap   total 61440K, used 41543K [0x0000000083a00000, 0x0000000100000000)
  region size 1024K, 24 young (24576K), 3 survivors (3072K)
 Metaspace       used 33312K, committed 33600K, reserved 1081344K
  class space    used 4234K, committed 4352K, reserved 1048576K
}
Event: 4.453 GC heap after
{Heap after GC invocations=9 (full 0):
 garbage-first heap   total 61440K, used 25017K [0x0000000083a00000, 0x0000000100000000)
  region size 1024K, 3 young (3072K), 3 survivors (3072K)
 Metaspace       used 33312K, committed 33600K, reserved 1081344K
  class space    used 4234K, committed 4352K, reserved 1048576K
}
Event: 4.535 GC heap before
{Heap before GC invocations=9 (full 0):
 garbage-first heap   total 61440K, used 43449K [0x0000000083a00000, 0x0000000100000000)
  region size 1024K, 21 young (21504K), 3 survivors (3072K)
 Metaspace       used 33725K, committed 34048K, reserved 1081344K
  class space    used 4296K, committed 4480K, reserved 1048576K
}
Event: 4.540 GC heap after
{Heap after GC invocations=10 (full 0):
 garbage-first heap   total 61440K, used 28714K [0x0000000083a00000, 0x0000000100000000)
  region size 1024K, 3 young (3072K), 3 survivors (3072K)
 Metaspace       used 33725K, committed 34048K, reserved 1081344K
  class space    used 4296K, committed 4480K, reserved 1048576K
}
Event: 4.607 GC heap before
{Heap before GC invocations=10 (full 0):
 garbage-first heap   total 61440K, used 45098K [0x0000000083a00000, 0x0000000100000000)
  region size 1024K, 19 young (19456K), 3 survivors (3072K)
 Metaspace       used 33896K, committed 34240K, reserved 1081344K
  class space    used 4323K, committed 4480K, reserved 1048576K
}
Event: 4.613 GC heap after
{Heap after GC invocations=11 (full 0):
 garbage-first heap   total 61440K, used 31717K [0x0000000083a00000, 0x0000000100000000)
  region size 1024K, 3 young (3072K), 3 survivors (3072K)
 Metaspace       used 33896K, committed 34240K, reserved 1081344K
  class space    used 4323K, committed 4480K, reserved 1048576K
}
Event: 4.668 GC heap before
{Heap before GC invocations=11 (full 0):
 garbage-first heap   total 61440K, used 46053K [0x0000000083a00000, 0x0000000100000000)
  region size 1024K, 17 young (17408K), 3 survivors (3072K)
 Metaspace       used 34080K, committed 34432K, reserved 1081344K
  class space    used 4347K, committed 4544K, reserved 1048576K
}
Event: 4.673 GC heap after
{Heap after GC invocations=12 (full 0):
 garbage-first heap   total 109568K, used 34423K [0x0000000083a00000, 0x0000000100000000)
  region size 1024K, 3 young (3072K), 3 survivors (3072K)
 Metaspace       used 34080K, committed 34432K, reserved 1081344K
  class space    used 4347K, committed 4544K, reserved 1048576K
}
Event: 4.830 GC heap before
{Heap before GC invocations=13 (full 0):
 garbage-first heap   total 109568K, used 76407K [0x0000000083a00000, 0x0000000100000000)
  region size 1024K, 45 young (46080K), 3 survivors (3072K)
 Metaspace       used 34416K, committed 34752K, reserved 1081344K
  class space    used 4401K, committed 4608K, reserved 1048576K
}
Event: 4.841 GC heap after
{Heap after GC invocations=14 (full 0):
 garbage-first heap   total 109568K, used 45541K [0x0000000083a00000, 0x0000000100000000)
  region size 1024K, 6 young (6144K), 6 survivors (6144K)
 Metaspace       used 34416K, committed 34752K, reserved 1081344K
  class space    used 4401K, committed 4608K, reserved 1048576K
}
Event: 5.199 GC heap before
{Heap before GC invocations=14 (full 0):
 garbage-first heap   total 109568K, used 75237K [0x0000000083a00000, 0x0000000100000000)
  region size 1024K, 35 young (35840K), 6 survivors (6144K)
 Metaspace       used 35791K, committed 36096K, reserved 1081344K
  class space    used 4657K, committed 4800K, reserved 1048576K
}
Event: 5.209 GC heap after
{Heap after GC invocations=15 (full 0):
 garbage-first heap   total 109568K, used 54642K [0x0000000083a00000, 0x0000000100000000)
  region size 1024K, 5 young (5120K), 5 survivors (5120K)
 Metaspace       used 35791K, committed 36096K, reserved 1081344K
  class space    used 4657K, committed 4800K, reserved 1048576K
}
Event: 5.244 GC heap before
{Heap before GC invocations=15 (full 0):
 garbage-first heap   total 109568K, used 60786K [0x0000000083a00000, 0x0000000100000000)
  region size 1024K, 12 young (12288K), 5 survivors (5120K)
 Metaspace       used 35972K, committed 36352K, reserved 1081344K
  class space    used 4687K, committed 4864K, reserved 1048576K
}
Event: 5.252 GC heap after
{Heap after GC invocations=16 (full 0):
 garbage-first heap   total 109568K, used 59464K [0x0000000083a00000, 0x0000000100000000)
  region size 1024K, 4 young (4096K), 4 survivors (4096K)
 Metaspace       used 35972K, committed 36352K, reserved 1081344K
  class space    used 4687K, committed 4864K, reserved 1048576K
}
Event: 5.339 GC heap before
{Heap before GC invocations=16 (full 0):
 garbage-first heap   total 124928K, used 76872K [0x0000000083a00000, 0x0000000100000000)
  region size 1024K, 22 young (22528K), 4 survivors (4096K)
 Metaspace       used 36265K, committed 36672K, reserved 1081344K
  class space    used 4730K, committed 4928K, reserved 1048576K
}
Event: 5.368 GC heap after
{Heap after GC invocations=17 (full 0):
 garbage-first heap   total 124928K, used 64360K [0x0000000083a00000, 0x0000000100000000)
  region size 1024K, 3 young (3072K), 3 survivors (3072K)
 Metaspace       used 36265K, committed 36672K, reserved 1081344K
  class space    used 4730K, committed 4928K, reserved 1048576K
}
Event: 5.391 GC heap before
{Heap before GC invocations=17 (full 0):
 garbage-first heap   total 124928K, used 86888K [0x0000000083a00000, 0x0000000100000000)
  region size 1024K, 26 young (26624K), 3 survivors (3072K)
 Metaspace       used 36269K, committed 36672K, reserved 1081344K
  class space    used 4730K, committed 4928K, reserved 1048576K
}

