# JRE version: OpenJDK Runtime Environment Temurin-17.0.4.1+1 (17.0.4.1+1) (build 17.0.4.1+1)
# Java VM: OpenJDK 64-Bit Server VM Temurin-17.0.4.1+1 (17.0.4.1+1, mixed mode, emulated-client, tiered, compressed oops, compressed class ptrs, g1 gc, windows-amd64)
GC Precious Log:
 CPUs: 8 total, 8 available
 Memory: 7959M
 Large Page Support: Disabled
 NUMA Support: Disabled
 Compressed Oops: Enabled (32-bit)
 Heap Region Size: 1M
 Heap Min Capacity: 8M
 Heap Initial Capacity: 126M
 Heap Max Capacity: 1990M
 Pre-touch: Disabled
 Parallel Workers: 8
 Concurrent Workers: 2
 Concurrent Refinement Workers: 8
 Periodic GC: Disabled
Heap:
 garbage-first heap   total 119808K, used 36452K [0x0000000083a00000, 0x0000000100000000)
  region size 1024K, 1 young (1024K), 0 survivors (0K)
 Metaspace       used 54506K, committed 54912K, reserved 1097728K
  class space    used 7229K, committed 7424K, reserved 1048576K
GC Heap History (20 events):
Event: 55848.926 GC heap before
{Heap before GC invocations=2754 (full 2555):
 garbage-first heap   total 119808K, used 36452K [0x0000000083a00000, 0x0000000100000000)
  region size 1024K, 1 young (1024K), 0 survivors (0K)
 Metaspace       used 54506K, committed 54912K, reserved 1097728K
  class space    used 7229K, committed 7424K, reserved 1048576K
}
Event: 55849.010 GC heap after
{Heap after GC invocations=2755 (full 2556):
 garbage-first heap   total 119808K, used 36452K [0x0000000083a00000, 0x0000000100000000)
  region size 1024K, 0 young (0K), 0 survivors (0K)
 Metaspace       used 54506K, committed 54912K, reserved 1097728K
  class space    used 7229K, committed 7424K, reserved 1048576K
}
Event: 55859.337 GC heap before
{Heap before GC invocations=2755 (full 2556):
 garbage-first heap   total 119808K, used 36452K [0x0000000083a00000, 0x0000000100000000)
  region size 1024K, 1 young (1024K), 0 survivors (0K)
 Metaspace       used 54506K, committed 54912K, reserved 1097728K
  class space    used 7229K, committed 7424K, reserved 1048576K
}
Event: 55859.439 GC heap after
{Heap after GC invocations=2756 (full 2557):
 garbage-first heap   total 119808K, used 36452K [0x0000000083a00000, 0x0000000100000000)
  region size 1024K, 0 young (0K), 0 survivors (0K)
 Metaspace       used 54506K, committed 54912K, reserved 1097728K
  class space    used 7229K, committed 7424K, reserved 1048576K
}
Event: 55869.800 GC heap before
{Heap before GC invocations=2756 (full 2557):
 garbage-first heap   total 119808K, used 36452K [0x0000000083a00000, 0x0000000100000000)
  region size 1024K, 1 young (1024K), 0 survivors (0K)
 Metaspace       used 54506K, committed 54912K, reserved 1097728K
  class space    used 7229K, committed 7424K, reserved 1048576K
}
Event: 55869.903 GC heap after
{Heap after GC invocations=2757 (full 2558):
 garbage-first heap   total 119808K, used 36452K [0x0000000083a00000, 0x0000000100000000)
  region size 1024K, 0 young (0K), 0 survivors (0K)
 Metaspace       used 54506K, committed 54912K, reserved 1097728K
  class space    used 7229K, committed 7424K, reserved 1048576K
}
Event: 55880.300 GC heap before
{Heap before GC invocations=2757 (full 2558):
 garbage-first heap   total 119808K, used 36452K [0x0000000083a00000, 0x0000000100000000)
  region size 1024K, 1 young (1024K), 0 survivors (0K)
 Metaspace       used 54506K, committed 54912K, reserved 1097728K
  class space    used 7229K, committed 7424K, reserved 1048576K
}
Event: 55880.394 GC heap after
{Heap after GC invocations=2758 (full 2559):
 garbage-first heap   total 119808K, used 36452K [0x0000000083a00000, 0x0000000100000000)
  region size 1024K, 0 young (0K), 0 survivors (0K)
 Metaspace       used 54506K, committed 54912K, reserved 1097728K
  class space    used 7229K, committed 7424K, reserved 1048576K
}
Event: 55890.808 GC heap before
{Heap before GC invocations=2758 (full 2559):
 garbage-first heap   total 119808K, used 36452K [0x0000000083a00000, 0x0000000100000000)
  region size 1024K, 1 young (1024K), 0 survivors (0K)
 Metaspace       used 54506K, committed 54912K, reserved 1097728K
  class space    used 7229K, committed 7424K, reserved 1048576K
}
Event: 55890.907 GC heap after
{Heap after GC invocations=2759 (full 2560):
 garbage-first heap   total 119808K, used 36452K [0x0000000083a00000, 0x0000000100000000)
  region size 1024K, 0 young (0K), 0 survivors (0K)
 Metaspace       used 54506K, committed 54912K, reserved 1097728K
  class space    used 7229K, committed 7424K, reserved 1048576K
}
Event: 55901.273 GC heap before
{Heap before GC invocations=2759 (full 2560):
 garbage-first heap   total 119808K, used 36452K [0x0000000083a00000, 0x0000000100000000)
  region size 1024K, 1 young (1024K), 0 survivors (0K)
 Metaspace       used 54506K, committed 54912K, reserved 1097728K
  class space    used 7229K, committed 7424K, reserved 1048576K
}
Event: 55901.367 GC heap after
{Heap after GC invocations=2760 (full 2561):
 garbage-first heap   total 119808K, used 36452K [0x0000000083a00000, 0x0000000100000000)
  region size 1024K, 0 young (0K), 0 survivors (0K)
 Metaspace       used 54506K, committed 54912K, reserved 1097728K
  class space    used 7229K, committed 7424K, reserved 1048576K
}
Event: 55911.707 GC heap before
{Heap before GC invocations=2760 (full 2561):
 garbage-first heap   total 119808K, used 36452K [0x0000000083a00000, 0x0000000100000000)
  region size 1024K, 1 young (1024K), 0 survivors (0K)
 Metaspace       used 54506K, committed 54912K, reserved 1097728K
  class space    used 7229K, committed 7424K, reserved 1048576K
}
Event: 55911.793 GC heap after
{Heap after GC invocations=2761 (full 2562):
 garbage-first heap   total 119808K, used 36452K [0x0000000083a00000, 0x0000000100000000)
  region size 1024K, 0 young (0K), 0 survivors (0K)
 Metaspace       used 54506K, committed 54912K, reserved 1097728K
  class space    used 7229K, committed 7424K, reserved 1048576K
}
Event: 55922.108 GC heap before
{Heap before GC invocations=2761 (full 2562):
 garbage-first heap   total 119808K, used 36452K [0x0000000083a00000, 0x0000000100000000)
  region size 1024K, 1 young (1024K), 0 survivors (0K)
 Metaspace       used 54506K, committed 54912K, reserved 1097728K
  class space    used 7229K, committed 7424K, reserved 1048576K
}
Event: 55922.186 GC heap after
{Heap after GC invocations=2762 (full 2563):
 garbage-first heap   total 119808K, used 36452K [0x0000000083a00000, 0x0000000100000000)
  region size 1024K, 0 young (0K), 0 survivors (0K)
 Metaspace       used 54506K, committed 54912K, reserved 1097728K
  class space    used 7229K, committed 7424K, reserved 1048576K
}
Event: 55932.510 GC heap before
{Heap before GC invocations=2762 (full 2563):
 garbage-first heap   total 119808K, used 36452K [0x0000000083a00000, 0x0000000100000000)
  region size 1024K, 1 young (1024K), 0 survivors (0K)
 Metaspace       used 54506K, committed 54912K, reserved 1097728K
  class space    used 7229K, committed 7424K, reserved 1048576K
}
Event: 55932.605 GC heap after
{Heap after GC invocations=2763 (full 2564):
 garbage-first heap   total 119808K, used 36452K [0x0000000083a00000, 0x0000000100000000)
  region size 1024K, 0 young (0K), 0 survivors (0K)
 Metaspace       used 54506K, committed 54912K, reserved 1097728K
  class space    used 7229K, committed 7424K, reserved 1048576K
}
Event: 55942.992 GC heap before
{Heap before GC invocations=2763 (full 2564):
 garbage-first heap   total 119808K, used 36452K [0x0000000083a00000, 0x0000000100000000)
  region size 1024K, 1 young (1024K), 0 survivors (0K)
 Metaspace       used 54506K, committed 54912K, reserved 1097728K
  class space    used 7229K, committed 7424K, reserved 1048576K
}
Event: 55943.077 GC heap after
{Heap after GC invocations=2764 (full 2565):
 garbage-first heap   total 119808K, used 36452K [0x0000000083a00000, 0x0000000100000000)
  region size 1024K, 0 young (0K), 0 survivors (0K)
 Metaspace       used 54506K, committed 54912K, reserved 1097728K
  class space    used 7229K, committed 7424K, reserved 1048576K
}

