# JRE version: OpenJDK Runtime Environment Temurin-17.0.4.1+1 (17.0.4.1+1) (build 17.0.4.1+1)
# Java VM: OpenJDK 64-Bit Server VM Temurin-17.0.4.1+1 (17.0.4.1+1, mixed mode, emulated-client, tiered, compressed oops, compressed class ptrs, g1 gc, windows-amd64)
GC Precious Log:
 CPUs: 8 total, 8 available
 Memory: 7959M
 Large Page Support: Disabled
 NUMA Support: Disabled
 Compressed Oops: Enabled (32-bit)
 Heap Region Size: 1M
 Heap Min Capacity: 8M
 Heap Initial Capacity: 126M
 Heap Max Capacity: 1990M
 Pre-touch: Disabled
 Parallel Workers: 8
 Concurrent Workers: 2
 Concurrent Refinement Workers: 8
 Periodic GC: Disabled
Heap:
 garbage-first heap   total 245760K, used 83720K [0x0000000083a00000, 0x0000000100000000)
  region size 1024K, 10 young (10240K), 10 survivors (10240K)
 Metaspace       used 36611K, committed 36928K, reserved 1081344K
  class space    used 4765K, committed 4928K, reserved 1048576K
GC Heap History (20 events):
Event: 17.814 GC heap after
{Heap after GC invocations=14 (full 0):
 garbage-first heap   total 122880K, used 36430K [0x0000000083a00000, 0x0000000100000000)
  region size 1024K, 3 young (3072K), 3 survivors (3072K)
 Metaspace       used 33605K, committed 33920K, reserved 1081344K
  class space    used 4278K, committed 4416K, reserved 1048576K
}
Event: 18.333 GC heap before
{Heap before GC invocations=15 (full 0):
 garbage-first heap   total 122880K, used 84558K [0x0000000083a00000, 0x0000000100000000)
  region size 1024K, 51 young (52224K), 3 survivors (3072K)
 Metaspace       used 34717K, committed 35008K, reserved 1081344K
  class space    used 4449K, committed 4608K, reserved 1048576K
}
Event: 18.346 GC heap after
{Heap after GC invocations=16 (full 0):
 garbage-first heap   total 122880K, used 46765K [0x0000000083a00000, 0x0000000100000000)
  region size 1024K, 7 young (7168K), 7 survivors (7168K)
 Metaspace       used 34717K, committed 35008K, reserved 1081344K
  class space    used 4449K, committed 4608K, reserved 1048576K
}
Event: 18.602 GC heap before
{Heap before GC invocations=16 (full 0):
 garbage-first heap   total 122880K, used 87725K [0x0000000083a00000, 0x0000000100000000)
  region size 1024K, 46 young (47104K), 7 survivors (7168K)
 Metaspace       used 35655K, committed 36032K, reserved 1081344K
  class space    used 4616K, committed 4800K, reserved 1048576K
}
Event: 18.641 GC heap after
{Heap after GC invocations=17 (full 0):
 garbage-first heap   total 122880K, used 62833K [0x0000000083a00000, 0x0000000100000000)
  region size 1024K, 6 young (6144K), 6 survivors (6144K)
 Metaspace       used 35655K, committed 36032K, reserved 1081344K
  class space    used 4616K, committed 4800K, reserved 1048576K
}
Event: 18.671 GC heap before
{Heap before GC invocations=17 (full 0):
 garbage-first heap   total 122880K, used 88433K [0x0000000083a00000, 0x0000000100000000)
  region size 1024K, 32 young (32768K), 6 survivors (6144K)
 Metaspace       used 35685K, committed 36032K, reserved 1081344K
  class space    used 4620K, committed 4800K, reserved 1048576K
}
Event: 18.678 GC heap after
{Heap after GC invocations=18 (full 0):
 garbage-first heap   total 122880K, used 65573K [0x0000000083a00000, 0x0000000100000000)
  region size 1024K, 2 young (2048K), 2 survivors (2048K)
 Metaspace       used 35685K, committed 36032K, reserved 1081344K
  class space    used 4620K, committed 4800K, reserved 1048576K
}
Event: 18.721 GC heap before
{Heap before GC invocations=18 (full 0):
 garbage-first heap   total 122880K, used 92197K [0x0000000083a00000, 0x0000000100000000)
  region size 1024K, 29 young (29696K), 2 survivors (2048K)
 Metaspace       used 35775K, committed 36096K, reserved 1081344K
  class space    used 4634K, committed 4800K, reserved 1048576K
}
Event: 18.724 GC heap after
{Heap after GC invocations=19 (full 0):
 garbage-first heap   total 122880K, used 66319K [0x0000000083a00000, 0x0000000100000000)
  region size 1024K, 3 young (3072K), 3 survivors (3072K)
 Metaspace       used 35775K, committed 36096K, reserved 1081344K
  class space    used 4634K, committed 4800K, reserved 1048576K
}
Event: 18.758 GC heap before
{Heap before GC invocations=19 (full 0):
 garbage-first heap   total 122880K, used 93967K [0x0000000083a00000, 0x0000000100000000)
  region size 1024K, 31 young (31744K), 3 survivors (3072K)
 Metaspace       used 35816K, committed 36160K, reserved 1081344K
  class space    used 4641K, committed 4800K, reserved 1048576K
}
Event: 18.764 GC heap after
{Heap after GC invocations=20 (full 0):
 garbage-first heap   total 245760K, used 67450K [0x0000000083a00000, 0x0000000100000000)
  region size 1024K, 3 young (3072K), 3 survivors (3072K)
 Metaspace       used 35816K, committed 36160K, reserved 1081344K
  class space    used 4641K, committed 4800K, reserved 1048576K
}
Event: 18.894 GC heap before
{Heap before GC invocations=21 (full 0):
 garbage-first heap   total 245760K, used 151418K [0x0000000083a00000, 0x0000000100000000)
  region size 1024K, 87 young (89088K), 3 survivors (3072K)
 Metaspace       used 35900K, committed 36224K, reserved 1081344K
  class space    used 4664K, committed 4800K, reserved 1048576K
}
Event: 18.902 GC heap after
{Heap after GC invocations=22 (full 0):
 garbage-first heap   total 245760K, used 69946K [0x0000000083a00000, 0x0000000100000000)
  region size 1024K, 6 young (6144K), 6 survivors (6144K)
 Metaspace       used 35900K, committed 36224K, reserved 1081344K
  class space    used 4664K, committed 4800K, reserved 1048576K
}
Event: 18.905 GC heap before
{Heap before GC invocations=22 (full 0):
 garbage-first heap   total 245760K, used 75066K [0x0000000083a00000, 0x0000000100000000)
  region size 1024K, 12 young (12288K), 6 survivors (6144K)
 Metaspace       used 35900K, committed 36224K, reserved 1081344K
  class space    used 4664K, committed 4800K, reserved 1048576K
}
Event: 18.910 GC heap after
{Heap after GC invocations=23 (full 0):
 garbage-first heap   total 245760K, used 70079K [0x0000000083a00000, 0x0000000100000000)
  region size 1024K, 1 young (1024K), 1 survivors (1024K)
 Metaspace       used 35900K, committed 36224K, reserved 1081344K
  class space    used 4664K, committed 4800K, reserved 1048576K
}
Event: 19.008 GC heap before
{Heap before GC invocations=23 (full 0):
 garbage-first heap   total 245760K, used 185791K [0x0000000083a00000, 0x0000000100000000)
  region size 1024K, 115 young (117760K), 1 survivors (1024K)
 Metaspace       used 36119K, committed 36480K, reserved 1081344K
  class space    used 4704K, committed 4864K, reserved 1048576K
}
Event: 19.014 GC heap after
{Heap after GC invocations=24 (full 0):
 garbage-first heap   total 245760K, used 73626K [0x0000000083a00000, 0x0000000100000000)
  region size 1024K, 5 young (5120K), 5 survivors (5120K)
 Metaspace       used 36119K, committed 36480K, reserved 1081344K
  class space    used 4704K, committed 4864K, reserved 1048576K
}
Event: 19.164 GC heap before
{Heap before GC invocations=24 (full 0):
 garbage-first heap   total 245760K, used 191386K [0x0000000083a00000, 0x0000000100000000)
  region size 1024K, 121 young (123904K), 5 survivors (5120K)
 Metaspace       used 36224K, committed 36544K, reserved 1081344K
  class space    used 4727K, committed 4864K, reserved 1048576K
}
Event: 19.170 GC heap after
{Heap after GC invocations=25 (full 0):
 garbage-first heap   total 245760K, used 78964K [0x0000000083a00000, 0x0000000100000000)
  region size 1024K, 10 young (10240K), 10 survivors (10240K)
 Metaspace       used 36224K, committed 36544K, reserved 1081344K
  class space    used 4727K, committed 4864K, reserved 1048576K
}
Event: 19.364 GC heap before
{Heap before GC invocations=25 (full 0):
 garbage-first heap   total 245760K, used 195700K [0x0000000083a00000, 0x0000000100000000)
  region size 1024K, 125 young (128000K), 10 survivors (10240K)
 Metaspace       used 36611K, committed 36928K, reserved 1081344K
  class space    used 4765K, committed 4928K, reserved 1048576K
}

